<?xml version="1.0" encoding="UTF-8"?>
<!-- Generated by org.testng.reporters.JUnitXMLReporter -->
<testsuite ignored="3" hostname="Muhindhar" failures="0" tests="1" name="Default test" time="32.272" errors="0" timestamp="2026-05-03T22:39:36 IST">
  <testcase classname="com.tests.AccountInfoTest" name="Invalidlog" time="25.804"/>
  <testcase classname="com.tests.AccountInfoTest" name="register" time="0.0">
    <ignored/>
  </testcase> <!-- register -->
  <testcase classname="com.tests.AccountInfoTest" name="registerExisting" time="0.0">
    <ignored/>
  </testcase> <!-- registerExisting -->
  <testcase classname="com.tests.AccountInfoTest" name="validlog" time="0.0">
    <ignored/>
  </testcase> <!-- validlog -->
</testsuite> <!-- Default test -->
