<?xml version="1.0" encoding="UTF-8"?>
<testng-results ignored="0" total="3" passed="1" failed="2" skipped="0">
  <reporter-output>
  </reporter-output>
  <suite started-at="2026-04-28T10:37:23 IST" name="Suite" finished-at="2026-04-28T10:37:33 IST" duration-ms="9921">
    <groups>
    </groups>
    <test started-at="2026-04-28T10:37:23 IST" name="Login Test" finished-at="2026-04-28T10:37:33 IST" duration-ms="9921">
      <class name="ITestListeners.LoginDemo">
        <test-method is-config="true" signature="setup()[pri:0, instance:ITestListeners.LoginDemo@598bd2ba]" started-at="2026-04-28T10:37:24 IST" name="setup" finished-at="2026-04-28T10:37:25 IST" duration-ms="1317" status="PASS">
          <reporter-output>
          </reporter-output>
        </test-method> <!-- setup -->
        <test-method signature="validLogin(java.lang.String,java.lang.String)[pri:1, instance:ITestListeners.LoginDemo@598bd2ba]" started-at="2026-04-28T10:37:25 IST" name="validLogin" data-provider="vdatas" finished-at="2026-04-28T10:37:28 IST" duration-ms="2813" status="PASS">
          <params>
            <param index="0">
              <value>
                <![CDATA[mp3gaming12@gmail.com]]>
              </value>
            </param>
            <param index="1">
              <value>
                <![CDATA[ra123]]>
              </value>
            </param>
          </params>
          <reporter-output>
          </reporter-output>
        </test-method> <!-- validLogin -->
        <test-method is-config="true" signature="tearDown()[pri:0, instance:ITestListeners.LoginDemo@598bd2ba]" started-at="2026-04-28T10:37:28 IST" name="tearDown" finished-at="2026-04-28T10:37:28 IST" duration-ms="156" status="PASS">
          <reporter-output>
          </reporter-output>
        </test-method> <!-- tearDown -->
        <test-method is-config="true" signature="setup()[pri:0, instance:ITestListeners.LoginDemo@598bd2ba]" started-at="2026-04-28T10:37:28 IST" name="setup" finished-at="2026-04-28T10:37:29 IST" duration-ms="786" status="PASS">
          <reporter-output>
          </reporter-output>
        </test-method> <!-- setup -->
        <test-method is-config="true" signature="setup()[pri:0, instance:ITestListeners.LoginDemo@598bd2ba]" started-at="2026-04-28T10:37:28 IST" name="setup" finished-at="2026-04-28T10:37:29 IST" duration-ms="993" status="PASS">
          <reporter-output>
          </reporter-output>
        </test-method> <!-- setup -->
        <test-method signature="invalidLogin(java.lang.String,java.lang.String)[pri:2, instance:ITestListeners.LoginDemo@598bd2ba]" started-at="2026-04-28T10:37:29 IST" name="invalidLogin" data-provider="ivdatas" finished-at="2026-04-28T10:37:33 IST" duration-ms="3875" status="FAIL">
          <params>
            <param index="0">
              <value>
                <![CDATA[mp3gaming12@gmail.com]]>
              </value>
            </param>
            <param index="1">
              <value>
                <![CDATA[aa123]]>
              </value>
            </param>
          </params>
          <exception class="java.lang.AssertionError">
            <message>
              <![CDATA[expected [true] but found [false]]]>
            </message>
            <full-stacktrace>
              <![CDATA[java.lang.AssertionError: expected [true] but found [false]
at org.testng.Assert.fail(Assert.java:111)
at org.testng.Assert.failNotEquals(Assert.java:1590)
at org.testng.Assert.assertTrue(Assert.java:57)
at org.testng.Assert.assertTrue(Assert.java:67)
at ITestListeners.LoginDemo.invalidLogin(LoginDemo.java:68)
at java.base/jdk.internal.reflect.DirectMethodHandleAccessor.invoke(DirectMethodHandleAccessor.java:103)
at java.base/java.lang.reflect.Method.invoke(Method.java:580)
at org.testng.internal.invokers.MethodInvocationHelper.invokeMethod(MethodInvocationHelper.java:141)
at org.testng.internal.invokers.TestInvoker.invokeMethod(TestInvoker.java:687)
at org.testng.internal.invokers.TestInvoker.invokeTestMethod(TestInvoker.java:230)
at org.testng.internal.invokers.TestMethodWithDataProviderMethodWorker.call(TestMethodWithDataProviderMethodWorker.java:81)
at org.testng.internal.thread.Async$AsyncTask.run(Async.java:34)
at java.base/java.util.concurrent.ThreadPoolExecutor.runWorker(ThreadPoolExecutor.java:1144)
at java.base/java.util.concurrent.ThreadPoolExecutor$Worker.run(ThreadPoolExecutor.java:642)
at java.base/java.lang.Thread.run(Thread.java:1583)
]]>
            </full-stacktrace>
          </exception> <!-- java.lang.AssertionError -->
          <reporter-output>
          </reporter-output>
        </test-method> <!-- invalidLogin -->
        <test-method signature="invalidLogin(java.lang.String,java.lang.String)[pri:2, instance:ITestListeners.LoginDemo@598bd2ba]" started-at="2026-04-28T10:37:29 IST" name="invalidLogin" data-provider="ivdatas" finished-at="2026-04-28T10:37:32 IST" duration-ms="3583" status="FAIL">
          <params>
            <param index="0">
              <value>
                <![CDATA[123@gmail.com]]>
              </value>
            </param>
            <param index="1">
              <value>
                <![CDATA[ra123]]>
              </value>
            </param>
          </params>
          <exception class="java.lang.AssertionError">
            <message>
              <![CDATA[expected [true] but found [false]]]>
            </message>
            <full-stacktrace>
              <![CDATA[java.lang.AssertionError: expected [true] but found [false]
at org.testng.Assert.fail(Assert.java:111)
at org.testng.Assert.failNotEquals(Assert.java:1590)
at org.testng.Assert.assertTrue(Assert.java:57)
at org.testng.Assert.assertTrue(Assert.java:67)
at ITestListeners.LoginDemo.invalidLogin(LoginDemo.java:68)
at java.base/jdk.internal.reflect.DirectMethodHandleAccessor.invoke(DirectMethodHandleAccessor.java:103)
at java.base/java.lang.reflect.Method.invoke(Method.java:580)
at org.testng.internal.invokers.MethodInvocationHelper.invokeMethod(MethodInvocationHelper.java:141)
at org.testng.internal.invokers.TestInvoker.invokeMethod(TestInvoker.java:687)
at org.testng.internal.invokers.TestInvoker.invokeTestMethod(TestInvoker.java:230)
at org.testng.internal.invokers.TestMethodWithDataProviderMethodWorker.call(TestMethodWithDataProviderMethodWorker.java:81)
at org.testng.internal.thread.Async$AsyncTask.run(Async.java:34)
at java.base/java.util.concurrent.ThreadPoolExecutor.runWorker(ThreadPoolExecutor.java:1144)
at java.base/java.util.concurrent.ThreadPoolExecutor$Worker.run(ThreadPoolExecutor.java:642)
at java.base/java.lang.Thread.run(Thread.java:1583)
]]>
            </full-stacktrace>
          </exception> <!-- java.lang.AssertionError -->
          <reporter-output>
          </reporter-output>
        </test-method> <!-- invalidLogin -->
        <test-method is-config="true" signature="tearDown()[pri:0, instance:ITestListeners.LoginDemo@598bd2ba]" started-at="2026-04-28T10:37:33 IST" name="tearDown" finished-at="2026-04-28T10:37:33 IST" duration-ms="149" status="PASS">
          <reporter-output>
          </reporter-output>
        </test-method> <!-- tearDown -->
        <test-method is-config="true" signature="tearDown()[pri:0, instance:ITestListeners.LoginDemo@598bd2ba]" started-at="2026-04-28T10:37:33 IST" name="tearDown" finished-at="2026-04-28T10:37:33 IST" duration-ms="137" status="PASS">
          <reporter-output>
          </reporter-output>
        </test-method> <!-- tearDown -->
      </class> <!-- ITestListeners.LoginDemo -->
    </test> <!-- Login Test -->
  </suite> <!-- Suite -->
</testng-results>
