<?xml version="1.0" encoding="UTF-8"?>
<!-- Generated by org.testng.reporters.JUnitXMLReporter -->
<testsuite ignored="0" hostname="Muhindhar" failures="5" tests="7" name="Test" time="32.682" errors="0" timestamp="2026-05-10T21:43:05 IST">
  <testcase classname="com.tests.AccountInfoTest" name="register" time="0.0">
    <failure type="java.lang.RuntimeException" message="java.io.FileNotFoundException: D:\Selenium_Assessment\Assessment2\src\test\resources\Book1.xlsx (The system cannot find the path specified)">
      <![CDATA[java.lang.RuntimeException: java.io.FileNotFoundException: D:\Selenium_Assessment\Assessment2\src\test\resources\Book1.xlsx (The system cannot find the path specified)
at java.base/java.util.ArrayList.forEach(ArrayList.java:1596)
Caused by: java.io.FileNotFoundException: D:\Selenium_Assessment\Assessment2\src\test\resources\Book1.xlsx (The system cannot find the path specified)
at java.base/java.io.FileInputStream.open0(Native Method)
at java.base/java.io.FileInputStream.open(FileInputStream.java:213)
at java.base/java.io.FileInputStream.<init>(FileInputStream.java:152)
at java.base/java.io.FileInputStream.<init>(FileInputStream.java:106)
at com.utilities.Datas.getExcelData(Datas.java:27)
at com.utilities.Datas.excelDataProvider1(Datas.java:20)
... 25 more
... Removed 30 stack frames]]>
    </failure>
  </testcase> <!-- register -->
  <testcase classname="com.tests.AccountInfoTest" name="registerExisting" time="0.0">
    <failure type="java.lang.RuntimeException" message="java.io.FileNotFoundException: D:\Selenium_Assessment\Assessment2\src\test\resources\Book1.xlsx (The system cannot find the path specified)">
      <![CDATA[java.lang.RuntimeException: java.io.FileNotFoundException: D:\Selenium_Assessment\Assessment2\src\test\resources\Book1.xlsx (The system cannot find the path specified)
at java.base/java.util.ArrayList.forEach(ArrayList.java:1596)
Caused by: java.io.FileNotFoundException: D:\Selenium_Assessment\Assessment2\src\test\resources\Book1.xlsx (The system cannot find the path specified)
at java.base/java.io.FileInputStream.open0(Native Method)
at java.base/java.io.FileInputStream.open(FileInputStream.java:213)
at java.base/java.io.FileInputStream.<init>(FileInputStream.java:152)
at java.base/java.io.FileInputStream.<init>(FileInputStream.java:106)
at com.utilities.Datas.getExcelData(Datas.java:27)
at com.utilities.Datas.excelDataProvider1(Datas.java:20)
... 25 more
... Removed 30 stack frames]]>
    </failure>
  </testcase> <!-- registerExisting -->
  <testcase classname="com.tests.AccountInfoTest" name="validlog" time="0.0">
    <failure type="java.lang.RuntimeException" message="java.io.FileNotFoundException: D:\Selenium_Assessment\Assessment2\src\test\resources\Book1.xlsx (The system cannot find the path specified)">
      <![CDATA[java.lang.RuntimeException: java.io.FileNotFoundException: D:\Selenium_Assessment\Assessment2\src\test\resources\Book1.xlsx (The system cannot find the path specified)
at java.base/java.util.ArrayList.forEach(ArrayList.java:1596)
Caused by: java.io.FileNotFoundException: D:\Selenium_Assessment\Assessment2\src\test\resources\Book1.xlsx (The system cannot find the path specified)
at java.base/java.io.FileInputStream.open0(Native Method)
at java.base/java.io.FileInputStream.open(FileInputStream.java:213)
at java.base/java.io.FileInputStream.<init>(FileInputStream.java:152)
at java.base/java.io.FileInputStream.<init>(FileInputStream.java:106)
at com.utilities.Datas.getExcelData(Datas.java:27)
at com.utilities.Datas.excelDataProvider(Datas.java:16)
... 25 more
... Removed 30 stack frames]]>
    </failure>
  </testcase> <!-- validlog -->
  <testcase classname="com.tests.AccountInfoTest" name="Invalidlog" time="0.0">
    <failure type="java.lang.RuntimeException" message="java.io.FileNotFoundException: D:\Selenium_Assessment\Assessment2\src\test\resources\Book1.xlsx (The system cannot find the path specified)">
      <![CDATA[java.lang.RuntimeException: java.io.FileNotFoundException: D:\Selenium_Assessment\Assessment2\src\test\resources\Book1.xlsx (The system cannot find the path specified)
at java.base/java.util.ArrayList.forEach(ArrayList.java:1596)
Caused by: java.io.FileNotFoundException: D:\Selenium_Assessment\Assessment2\src\test\resources\Book1.xlsx (The system cannot find the path specified)
at java.base/java.io.FileInputStream.open0(Native Method)
at java.base/java.io.FileInputStream.open(FileInputStream.java:213)
at java.base/java.io.FileInputStream.<init>(FileInputStream.java:152)
at java.base/java.io.FileInputStream.<init>(FileInputStream.java:106)
at com.utilities.Datas.getExcelData(Datas.java:27)
at com.utilities.Datas.excelDataProvider2(Datas.java:24)
... 25 more
... Removed 30 stack frames]]>
    </failure>
  </testcase> <!-- Invalidlog -->
  <testcase classname="com.tests.SearchpaymentTest" name="searchProduct" time="13.052"/>
  <testcase classname="com.tests.SearchpaymentTest" name="wishlistTest" time="1.114">
    <failure type="org.openqa.selenium.ElementClickInterceptedException" message="element click intercepted: Element &amp;lt;a href=&amp;quot;/product_details/1&amp;quot; style=&amp;quot;color: brown;&amp;quot;&amp;gt;...&amp;lt;/a&amp;gt; is not clickable at point (498, 594). Other element would receive the click: &amp;lt;iframe id=&amp;quot;aswift_5&amp;quot; name=&amp;quot;aswift_5&amp;quot; style=&amp;quot;min-height: auto; max-height: none; min-width: auto; max-width: none; width: 728px !important; height: 90px !important; display: block; margin: 0px auto;&amp;quot; sandbox=&amp;quot;allow-forms allow-popups allow-popups-to-escape-sandbox allow-same-origin allow-scripts allow-top-navigation-by-user-activation&amp;quot; width=&amp;quot;728&amp;quot; height=&amp;quot;90&amp;quot; frameborder=&amp;quot;0&amp;quot; marginwidth=&amp;quot;0&amp;quot; marginheight=&amp;quot;0&amp;quot; vspace=&amp;quot;0&amp;quot; hspace=&amp;quot;0&amp;quot; allowtransparency=&amp;quot;true&amp;quot; scrolling=&amp;quot;no&amp;quot; allow=&amp;quot;attribution-reporting; run-ad-auction&amp;quot; src=&amp;quot;https://googleads.g.doubleclick.net/pagead/html/r20260506/r20190131/zrt_lookup_fy2021.html#RS-1-&amp;amp;amp;adk=1812271801&amp;amp;amp;client=ca-pub-1677597403311019&amp;amp;amp;fa=1&amp;amp;amp;ifi=6&amp;amp;amp;uci=a!6&amp;amp;amp;btvi=2&amp;quot; data-google-container-id=&amp;quot;a!6&amp;quot; tabindex=&amp;quot;0&amp;quot; title=&amp;quot;Advertisement&amp;quot; aria-label=&amp;quot;Advertisement&amp;quot; data-google-query-id=&amp;quot;CLOK_7mOr5QDFcT-TAIdWiwm_w&amp;quot; data-load-complete=&amp;quot;true&amp;quot;&amp;gt;&amp;lt;/iframe&amp;gt;
  (Session info: chrome=147.0.7727.138)
Build info: version: &amp;apos;4.43.0&amp;apos;, revision: &amp;apos;dd0f534&amp;apos;
System info: os.name: &amp;apos;Windows 11&amp;apos;, os.arch: &amp;apos;amd64&amp;apos;, os.version: &amp;apos;10.0&amp;apos;, java.version: &amp;apos;21.0.9&amp;apos;
Driver info: org.openqa.selenium.chrome.ChromeDriver
Command: [e1f5d81669ae3a704c470b4975b23b79, clickElement {id=f.A768200AF0F91C0481956DE67F59CA01.d.6826E6D741229DA9B9CFCA8BFDAD5E19.e.62}]
Capabilities {acceptInsecureCerts: false, browserName: chrome, browserVersion: 147.0.7727.138, chrome: {chromedriverVersion: 147.0.7727.117 (474cc805edd..., userDataDir: C:\Users\MUHIND~1\AppData\L...}, fedcm:accounts: true, goog:chromeOptions: {debuggerAddress: localhost:9572}, goog:processID: 16808, networkConnectionEnabled: false, pageLoadStrategy: normal, platformName: windows, proxy: Proxy(), se:cdp: ws://localhost:9572/devtool..., se:cdpVersion: 147.0.7727.138, setWindowRect: true, strictFileInteractability: false, timeouts: {implicit: 0, pageLoad: 300000, script: 30000}, unhandledPromptBehavior: dismiss and notify, webauthn:extension:credBlob: true, webauthn:extension:largeBlob: true, webauthn:extension:minPinLength: true, webauthn:extension:prf: true, webauthn:virtualAuthenticators: true}
Element: [[ChromeDriver: chrome on windows (e1f5d81669ae3a704c470b4975b23b79)] -&amp;gt; xpath: //div[@class=&amp;apos;col-sm-9 padding-right&amp;apos;]//div[2]//div[1]//div[2]//ul[1]//li[1]//a[1]]
Session ID: e1f5d81669ae3a704c470b4975b23b79">
      <![CDATA[org.openqa.selenium.ElementClickInterceptedException: element click intercepted: Element <a href="/product_details/1" style="color: brown;">...</a> is not clickable at point (498, 594). Other element would receive the click: <iframe id="aswift_5" name="aswift_5" style="min-height: auto; max-height: none; min-width: auto; max-width: none; width: 728px !important; height: 90px !important; display: block; margin: 0px auto;" sandbox="allow-forms allow-popups allow-popups-to-escape-sandbox allow-same-origin allow-scripts allow-top-navigation-by-user-activation" width="728" height="90" frameborder="0" marginwidth="0" marginheight="0" vspace="0" hspace="0" allowtransparency="true" scrolling="no" allow="attribution-reporting; run-ad-auction" src="https://googleads.g.doubleclick.net/pagead/html/r20260506/r20190131/zrt_lookup_fy2021.html#RS-1-&amp;adk=1812271801&amp;client=ca-pub-1677597403311019&amp;fa=1&amp;ifi=6&amp;uci=a!6&amp;btvi=2" data-google-container-id="a!6" tabindex="0" title="Advertisement" aria-label="Advertisement" data-google-query-id="CLOK_7mOr5QDFcT-TAIdWiwm_w" data-load-complete="true"></iframe>
  (Session info: chrome=147.0.7727.138)
Build info: version: '4.43.0', revision: 'dd0f534'
System info: os.name: 'Windows 11', os.arch: 'amd64', os.version: '10.0', java.version: '21.0.9'
Driver info: org.openqa.selenium.chrome.ChromeDriver
Command: [e1f5d81669ae3a704c470b4975b23b79, clickElement {id=f.A768200AF0F91C0481956DE67F59CA01.d.6826E6D741229DA9B9CFCA8BFDAD5E19.e.62}]
Capabilities {acceptInsecureCerts: false, browserName: chrome, browserVersion: 147.0.7727.138, chrome: {chromedriverVersion: 147.0.7727.117 (474cc805edd..., userDataDir: C:\Users\MUHIND~1\AppData\L...}, fedcm:accounts: true, goog:chromeOptions: {debuggerAddress: localhost:9572}, goog:processID: 16808, networkConnectionEnabled: false, pageLoadStrategy: normal, platformName: windows, proxy: Proxy(), se:cdp: ws://localhost:9572/devtool..., se:cdpVersion: 147.0.7727.138, setWindowRect: true, strictFileInteractability: false, timeouts: {implicit: 0, pageLoad: 300000, script: 30000}, unhandledPromptBehavior: dismiss and notify, webauthn:extension:credBlob: true, webauthn:extension:largeBlob: true, webauthn:extension:minPinLength: true, webauthn:extension:prf: true, webauthn:virtualAuthenticators: true}
Element: [[ChromeDriver: chrome on windows (e1f5d81669ae3a704c470b4975b23b79)] -> xpath: //div[@class='col-sm-9 padding-right']//div[2]//div[1]//div[2]//ul[1]//li[1]//a[1]]
Session ID: e1f5d81669ae3a704c470b4975b23b79
at org.openqa.selenium.remote.ErrorCodec.decode(ErrorCodec.java:169)
at org.openqa.selenium.remote.codec.w3c.W3CHttpResponseCodec.decode(W3CHttpResponseCodec.java:142)
at org.openqa.selenium.remote.codec.w3c.W3CHttpResponseCodec.decode(W3CHttpResponseCodec.java:49)
at org.openqa.selenium.remote.HttpCommandExecutor.execute(HttpCommandExecutor.java:223)
at org.openqa.selenium.remote.service.DriverCommandExecutor.invokeExecute(DriverCommandExecutor.java:216)
at org.openqa.selenium.remote.service.DriverCommandExecutor.execute(DriverCommandExecutor.java:174)
at org.openqa.selenium.remote.RemoteWebDriver.execute(RemoteWebDriver.java:606)
at org.openqa.selenium.remote.RemoteWebElement.execute(RemoteWebElement.java:223)
at org.openqa.selenium.remote.RemoteWebElement.click(RemoteWebElement.java:76)
at org.openqa.selenium.support.pagefactory.internal.LocatingElementHandler.invoke(LocatingElementHandler.java:51)
at jdk.proxy2/jdk.proxy2.$Proxy15.click(Unknown Source)
at com.pages.Search.chooseProduct(Search.java:39)
at com.tests.SearchpaymentTest.wishlistTest(SearchpaymentTest.java:36)
at java.base/java.util.ArrayList.forEach(ArrayList.java:1596)
... Removed 27 stack frames]]>
    </failure>
  </testcase> <!-- wishlistTest -->
  <testcase classname="com.tests.SearchpaymentTest" name="paymentTest" time="0.0">
    <skipped/>
  </testcase> <!-- paymentTest -->
</testsuite> <!-- Test -->
